<?xml version="1.0" encoding="UTF-8"?>
<testsuite xmlns:xsi="http://www.w3.org/2001/XMLSchema-instance" xsi:noNamespaceSchemaLocation="https://maven.apache.org/surefire/maven-surefire-plugin/xsd/surefire-test-report-3.0.xsd" version="3.0" name="com.marketplace.test.DbProductRepositoryIntegrationTest" time="3.412" tests="3" errors="0" skipped="0" failures="0">
  <properties>
[...]
</properties>
  <testcase name="testUpdateProduct" classname="com.marketplace.test.DbProductRepositoryIntegrationTest" time="0.02">
    <system-out><![CDATA[Running Changeset: db/changelog/001-create-schemas-tables.xml::1-create-schemas::you
Running Changeset: db/changelog/001-create-schemas-tables.xml::2-create-sequence-product::you
Running Changeset: db/changelog/001-create-schemas-tables.xml::3-create-product-table::you
Running Changeset: db/changelog/001-create-schemas-tables.xml::4-default-id-from-seq::you
Running Changeset: db/changelog/001-create-schemas-tables.xml::5-update-sequence-after-seed::you
Running Changeset: db/changelog/002-seed-data.xml::seed-products::you
Running Changeset: db/changelog/003-test-add-users-table.xml::create-user-table::you

UPDATE SUMMARY
Run:                          7
Previously run:               0
Filtered out:                 0
-------------------------------
Total change sets:            7

Liquibase: Update has been successful. Rows affected: 8
Liquibase migrations executed successfully.
]]></system-out>
    <system-err><![CDATA[[main] INFO org.testcontainers.images.PullPolicy - Image pull policy will be performed by: DefaultPullPolicy()
[main] INFO org.testcontainers.utility.ImageNameSubstitutor - Image name substitution will be performed by: DefaultImageNameSubstitutor (composite of 'ConfigurationFileImageNameSubstitutor' and 'PrefixingImageNameSubstitutor')
[main] INFO org.testcontainers.dockerclient.DockerClientProviderStrategy - Loaded org.testcontainers.dockerclient.NpipeSocketClientProviderStrategy from ~/.testcontainers.properties, will try it first
[main] INFO org.testcontainers.dockerclient.DockerClientProviderStrategy - Found Docker environment with local Npipe socket (npipe:////./pipe/docker_engine)
[main] INFO org.testcontainers.DockerClientFactory - Docker host IP address is localhost
[main] INFO org.testcontainers.DockerClientFactory - Connected to docker: 
  Server Version: 28.0.1
  API Version: 1.48
  Operating System: Docker Desktop
  Total Memory: 15946 MB
[main] INFO tc.testcontainers/ryuk:0.6.0 - Creating container for image: testcontainers/ryuk:0.6.0
[main] INFO org.testcontainers.utility.RegistryAuthLocator - Credential helper/store (docker-credential-desktop) does not have credentials for https://index.docker.io/v1/
[main] INFO tc.testcontainers/ryuk:0.6.0 - Container testcontainers/ryuk:0.6.0 is starting: 1c916634f12ea693786e16c0c893c7ce5f7248792cbd303543de8eb9d4162025
[main] INFO tc.testcontainers/ryuk:0.6.0 - Container testcontainers/ryuk:0.6.0 started in PT0.4203878S
[main] INFO org.testcontainers.utility.RyukResourceReaper - Ryuk started - will monitor and terminate Testcontainers containers on JVM exit
[main] INFO org.testcontainers.DockerClientFactory - Checking the system...
[main] INFO org.testcontainers.DockerClientFactory - ✔︎ Docker server version should be at least 1.6.0
[main] INFO tc.postgres:15 - Creating container for image: postgres:15
[main] INFO tc.postgres:15 - Container postgres:15 is starting: 60e4ab171782ad41c3c2199da00e11a26849c10a2e2de5ede334754928c81e76
[main] INFO tc.postgres:15 - Container postgres:15 started in PT1.1308145S
[main] INFO tc.postgres:15 - Container is started (JDBC URL: jdbc:postgresql://localhost:63230/test_marketdb?loggerLevel=OFF)
[main] INFO com.zaxxer.hikari.HikariDataSource - y_lab_pool - Starting...
[main] INFO com.zaxxer.hikari.pool.HikariPool - y_lab_pool - Added connection org.postgresql.jdbc.PgConnection@1b32cd16
[main] INFO com.zaxxer.hikari.HikariDataSource - y_lab_pool - Start completed.
нояб. 16, 2025 6:37:44 PM liquibase.database
INFO: Set default schema name to public
нояб. 16, 2025 6:37:45 PM liquibase.changelog
INFO: Creating database history table with name: liquibase.databasechangelog
нояб. 16, 2025 6:37:45 PM liquibase.changelog
INFO: Reading from liquibase.databasechangelog
нояб. 16, 2025 6:37:45 PM liquibase.lockservice
INFO: Successfully acquired change log lock
нояб. 16, 2025 6:37:45 PM liquibase.command
INFO: Using deploymentId: 3307465371
нояб. 16, 2025 6:37:45 PM liquibase.changelog
INFO: Reading from liquibase.databasechangelog
нояб. 16, 2025 6:37:45 PM liquibase.executor
WARNING: schema "catalog" already exists, skipping
нояб. 16, 2025 6:37:45 PM liquibase.executor
WARNING: schema "liquibase" already exists, skipping
нояб. 16, 2025 6:37:45 PM liquibase.changelog
INFO: Custom SQL executed
нояб. 16, 2025 6:37:45 PM liquibase.changelog
INFO: ChangeSet db/changelog/001-create-schemas-tables.xml::1-create-schemas::you ran successfully in 7ms
нояб. 16, 2025 6:37:45 PM liquibase.changelog
INFO: Sequence product_id_seq created
нояб. 16, 2025 6:37:45 PM liquibase.changelog
INFO: ChangeSet db/changelog/001-create-schemas-tables.xml::2-create-sequence-product::you ran successfully in 3ms
нояб. 16, 2025 6:37:45 PM liquibase.changelog
INFO: Table product created
нояб. 16, 2025 6:37:45 PM liquibase.changelog
INFO: ChangeSet db/changelog/001-create-schemas-tables.xml::3-create-product-table::you ran successfully in 3ms
нояб. 16, 2025 6:37:45 PM liquibase.changelog
INFO: Custom SQL executed
нояб. 16, 2025 6:37:45 PM liquibase.changelog
INFO: ChangeSet db/changelog/001-create-schemas-tables.xml::4-default-id-from-seq::you ran successfully in 2ms
нояб. 16, 2025 6:37:45 PM liquibase.changelog
INFO: Custom SQL executed
нояб. 16, 2025 6:37:45 PM liquibase.changelog
INFO: ChangeSet db/changelog/001-create-schemas-tables.xml::5-update-sequence-after-seed::you ran successfully in 2ms
нояб. 16, 2025 6:37:45 PM liquibase.changelog
INFO: New row inserted into product
нояб. 16, 2025 6:37:45 PM liquibase.changelog
INFO: ChangeSet db/changelog/002-seed-data.xml::seed-products::you ran successfully in 4ms
нояб. 16, 2025 6:37:45 PM liquibase.changelog
INFO: Table user created
нояб. 16, 2025 6:37:45 PM liquibase.changelog
INFO: ChangeSet db/changelog/003-test-add-users-table.xml::create-user-table::you ran successfully in 3ms
нояб. 16, 2025 6:37:45 PM liquibase.util
INFO: UPDATE SUMMARY
нояб. 16, 2025 6:37:45 PM liquibase.util
INFO: Run:                          7
нояб. 16, 2025 6:37:45 PM liquibase.util
INFO: Previously run:               0
нояб. 16, 2025 6:37:45 PM liquibase.util
INFO: Filtered out:                 0
нояб. 16, 2025 6:37:45 PM liquibase.util
INFO: -------------------------------
нояб. 16, 2025 6:37:45 PM liquibase.util
INFO: Total change sets:            7
нояб. 16, 2025 6:37:45 PM liquibase.util
INFO: Update summary generated
нояб. 16, 2025 6:37:45 PM liquibase.command
INFO: Update command completed successfully.
нояб. 16, 2025 6:37:45 PM liquibase.lockservice
INFO: Successfully released change log lock
нояб. 16, 2025 6:37:45 PM liquibase.command
INFO: Command execution complete
]]></system-err>
  </testcase>
  <testcase name="testDeleteProduct" classname="com.marketplace.test.DbProductRepositoryIntegrationTest" time="0.005"/>
  <testcase name="testSaveGeneratesIdAndRetrievesCorrectly" classname="com.marketplace.test.DbProductRepositoryIntegrationTest" time="0.004"/>
</testsuite>